Arguments: 
  /Users/miha/.nvm/versions/node/v14.19.0/bin/node /Users/miha/.nvm/versions/node/v14.19.0/bin/yarn publish

PATH: 
  /opt/homebrew/Caskroom/miniconda/base/bin:/opt/homebrew/Caskroom/miniconda/base/condabin:/opt/homebrew/opt/postgresql@13/bin:/Users/miha/.nvm/versions/node/v14.19.0/bin:/opt/homebrew/bin:/opt/homebrew/sbin:/usr/local/bin:/usr/bin:/bin:/usr/sbin:/sbin:/Library/Apple/usr/bin:/Users/miha/Desktop/P/defisaver-sdk/node_modules/.bin:/Users/miha/golang/bin

Yarn version: 
  1.22.17

Node version: 
  14.19.0

Platform: 
  darwin x64

Trace: 
  Error: https://registry.yarnpkg.com/-/user/org.couchdb.user:3mihai3: failed to authenticate: Could not authenticate 3mihai3: bad password
      at Request.params.callback [as _callback] (/Users/miha/.nvm/versions/node/v14.19.0/lib/node_modules/yarn/lib/cli.js:67029:18)
      at Request.self.callback (/Users/miha/.nvm/versions/node/v14.19.0/lib/node_modules/yarn/lib/cli.js:140883:22)
      at Request.emit (events.js:400:28)
      at Request.<anonymous> (/Users/miha/.nvm/versions/node/v14.19.0/lib/node_modules/yarn/lib/cli.js:141855:10)
      at Request.emit (events.js:400:28)
      at IncomingMessage.<anonymous> (/Users/miha/.nvm/versions/node/v14.19.0/lib/node_modules/yarn/lib/cli.js:141777:12)
      at Object.onceWrapper (events.js:519:28)
      at IncomingMessage.emit (events.js:412:35)
      at endReadableNT (internal/streams/readable.js:1334:12)
      at processTicksAndRejections (internal/process/task_queues.js:82:21)

npm manifest: 
  {
    "name": "@defisaver/sdk",
    "version": "0.3.26",
    "description": "",
    "main": "index.js",
    "scripts": {
      "test": "mocha --recursive",
      "version-bump": "git commit -am \"Version bump to $(npm version patch | cut -c 2-)\"",
      "documentDev": "jsdoc2md -p list --files {src/**.js,src/utils/**.js} > DEV.md",
      "documentActions": "jsdoc2md -p list --files src/actions/**/**.js > ACTIONS.md"
    },
    "author": "DeFi Saver",
    "repository": "https://github.com/DecenterApps/defisaver-sdk",
    "license": "ISC",
    "dependencies": {
      "@defisaver/tokens": "^1.4.18",
      "@ethersproject/address": "^5.0.10",
      "@ethersproject/solidity": "^5.0.9",
      "axios": "^0.21.1",
      "decimal.js": "^10.2.1",
      "web3-eth-abi": "^1.3.0",
      "web3-utils": "^1.3.0"
    },
    "devDependencies": {
      "chai": "^4.2.0",
      "dotenv": "^10.0.0",
      "jsdoc-to-markdown": "^6.0.1",
      "mocha": "^8.2.1",
      "web3": "^1.3.4"
    }
  }

yarn manifest: 
  No manifest

Lockfile: 
  No lockfile
